[29-Sep-2017 15:03:57 America/New_York] PHP Fatal error:  Call to undefined function thrive_get_theme_options() in /var/www/wp/wp-content/themes/rise/404.php on line 2
[01-Oct-2017 01:17:06 America/New_York] PHP Fatal error:  Call to undefined function thrive_get_theme_options() in /var/www/wp/wp-content/themes/rise/404.php on line 2
[03-Oct-2017 00:57:46 America/New_York] PHP Fatal error:  Call to undefined function thrive_get_theme_options() in /var/www/wp/wp-content/themes/rise/archive.php on line 2
[03-Oct-2017 17:23:14 America/New_York] PHP Fatal error:  Call to undefined function thrive_get_theme_options() in /var/www/wp/wp-content/themes/rise/archive.php on line 2
[03-Oct-2017 17:28:57 America/New_York] PHP Fatal error:  Call to undefined function thrive_get_theme_options() in /var/www/wp/wp-content/themes/rise/archive.php on line 2
[06-Oct-2017 14:29:50 America/New_York] PHP Fatal error:  Call to undefined function get_the_id() in /var/www/wp/wp-content/themes/rise/header.php on line 2
[06-Oct-2017 15:16:06 America/New_York] PHP Fatal error:  Call to undefined function get_the_id() in /var/www/wp/wp-content/themes/rise/header.php on line 2
[07-Oct-2017 10:34:21 America/New_York] PHP Fatal error:  Call to undefined function thrive_get_theme_options() in /var/www/wp/wp-content/themes/rise/index.php on line 2
[17-Oct-2017 03:12:32 America/New_York] PHP Fatal error:  Call to undefined function thrive_get_theme_options() in /var/www/wp/wp-content/themes/rise/index.php on line 2
[01-Nov-2017 23:18:12 America/New_York] PHP Fatal error:  Call to undefined function thrive_get_theme_options() in /var/www/wp/wp-content/themes/rise/404.php on line 2
[11-Nov-2017 08:42:49 America/New_York] PHP Fatal error:  Call to undefined function thrive_get_theme_options() in /var/www/wp/wp-content/themes/rise/index.php on line 2
[03-Jan-2018 14:09:03 America/New_York] PHP Fatal error:  Call to undefined function thrive_get_theme_options() in /var/www/wp/wp-content/themes/rise/404.php on line 2
[05-Jan-2018 11:38:23 America/New_York] PHP Fatal error:  Call to undefined function thrive_get_theme_options() in /var/www/wp/wp-content/themes/rise/404.php on line 2
[10-Jan-2018 03:59:08 America/New_York] PHP Fatal error:  Call to undefined function thrive_get_theme_options() in /var/www/wp/wp-content/themes/rise/404.php on line 2
[01-Feb-2018 01:24:29 America/New_York] PHP Fatal error:  Call to undefined function thrive_get_theme_options() in /var/www/wp/wp-content/themes/rise/404.php on line 2
[01-Feb-2018 01:24:29 America/New_York] PHP Fatal error:  Call to undefined function thrive_get_theme_options() in /var/www/wp/wp-content/themes/rise/404.php on line 2
[01-Feb-2018 01:24:29 America/New_York] PHP Fatal error:  Call to undefined function thrive_get_theme_options() in /var/www/wp/wp-content/themes/rise/404.php on line 2
[01-Feb-2018 01:24:29 America/New_York] PHP Fatal error:  Call to undefined function thrive_get_theme_options() in /var/www/wp/wp-content/themes/rise/404.php on line 2
[01-Feb-2018 01:24:29 America/New_York] PHP Fatal error:  Call to undefined function thrive_get_theme_options() in /var/www/wp/wp-content/themes/rise/404.php on line 2
[01-Feb-2018 01:24:29 America/New_York] PHP Fatal error:  Call to undefined function thrive_get_theme_options() in /var/www/wp/wp-content/themes/rise/404.php on line 2
[01-Feb-2018 01:24:29 America/New_York] PHP Fatal error:  Call to undefined function thrive_get_theme_options() in /var/www/wp/wp-content/themes/rise/404.php on line 2
[01-Feb-2018 01:24:30 America/New_York] PHP Fatal error:  Call to undefined function thrive_get_theme_options() in /var/www/wp/wp-content/themes/rise/404.php on line 2
[01-Feb-2018 01:24:30 America/New_York] PHP Fatal error:  Call to undefined function thrive_get_theme_options() in /var/www/wp/wp-content/themes/rise/404.php on line 2
[01-Feb-2018 01:24:30 America/New_York] PHP Fatal error:  Call to undefined function thrive_get_theme_options() in /var/www/wp/wp-content/themes/rise/404.php on line 2
[01-Feb-2018 01:24:30 America/New_York] PHP Fatal error:  Call to undefined function thrive_get_theme_options() in /var/www/wp/wp-content/themes/rise/404.php on line 2
[01-Feb-2018 01:24:30 America/New_York] PHP Fatal error:  Call to undefined function thrive_get_theme_options() in /var/www/wp/wp-content/themes/rise/404.php on line 2
[01-Feb-2018 01:24:30 America/New_York] PHP Fatal error:  Call to undefined function thrive_get_theme_options() in /var/www/wp/wp-content/themes/rise/404.php on line 2
[01-Feb-2018 01:24:30 America/New_York] PHP Fatal error:  Call to undefined function thrive_get_theme_options() in /var/www/wp/wp-content/themes/rise/404.php on line 2
[01-Feb-2018 01:24:31 America/New_York] PHP Fatal error:  Call to undefined function thrive_get_theme_options() in /var/www/wp/wp-content/themes/rise/404.php on line 2
[01-Feb-2018 01:24:31 America/New_York] PHP Fatal error:  Call to undefined function thrive_get_theme_options() in /var/www/wp/wp-content/themes/rise/404.php on line 2
[01-Feb-2018 01:24:31 America/New_York] PHP Fatal error:  Call to undefined function thrive_get_theme_options() in /var/www/wp/wp-content/themes/rise/404.php on line 2
[01-Feb-2018 01:24:31 America/New_York] PHP Fatal error:  Call to undefined function thrive_get_theme_options() in /var/www/wp/wp-content/themes/rise/404.php on line 2
[01-Feb-2018 01:24:31 America/New_York] PHP Fatal error:  Call to undefined function thrive_get_theme_options() in /var/www/wp/wp-content/themes/rise/404.php on line 2
[01-Feb-2018 01:24:31 America/New_York] PHP Fatal error:  Call to undefined function thrive_get_theme_options() in /var/www/wp/wp-content/themes/rise/404.php on line 2
[01-Feb-2018 01:24:31 America/New_York] PHP Fatal error:  Call to undefined function thrive_get_theme_options() in /var/www/wp/wp-content/themes/rise/404.php on line 2
[04-Feb-2018 23:53:23 America/New_York] PHP Fatal error:  Call to undefined function thrive_get_theme_options() in /var/www/wp/wp-content/themes/rise/404.php on line 2
[04-Feb-2018 23:53:23 America/New_York] PHP Fatal error:  Call to undefined function thrive_get_theme_options() in /var/www/wp/wp-content/themes/rise/404.php on line 2
[04-Feb-2018 23:53:23 America/New_York] PHP Fatal error:  Call to undefined function thrive_get_theme_options() in /var/www/wp/wp-content/themes/rise/404.php on line 2
[04-Feb-2018 23:53:23 America/New_York] PHP Fatal error:  Call to undefined function thrive_get_theme_options() in /var/www/wp/wp-content/themes/rise/404.php on line 2
[04-Feb-2018 23:53:23 America/New_York] PHP Fatal error:  Call to undefined function thrive_get_theme_options() in /var/www/wp/wp-content/themes/rise/404.php on line 2
[04-Feb-2018 23:53:23 America/New_York] PHP Fatal error:  Call to undefined function thrive_get_theme_options() in /var/www/wp/wp-content/themes/rise/404.php on line 2
[04-Feb-2018 23:53:23 America/New_York] PHP Fatal error:  Call to undefined function thrive_get_theme_options() in /var/www/wp/wp-content/themes/rise/404.php on line 2
[04-Feb-2018 23:53:23 America/New_York] PHP Fatal error:  Call to undefined function thrive_get_theme_options() in /var/www/wp/wp-content/themes/rise/404.php on line 2
[04-Feb-2018 23:53:23 America/New_York] PHP Fatal error:  Call to undefined function thrive_get_theme_options() in /var/www/wp/wp-content/themes/rise/404.php on line 2
[04-Feb-2018 23:53:23 America/New_York] PHP Fatal error:  Call to undefined function thrive_get_theme_options() in /var/www/wp/wp-content/themes/rise/404.php on line 2
[04-Feb-2018 23:53:23 America/New_York] PHP Fatal error:  Call to undefined function thrive_get_theme_options() in /var/www/wp/wp-content/themes/rise/404.php on line 2
[04-Feb-2018 23:53:23 America/New_York] PHP Fatal error:  Call to undefined function thrive_get_theme_options() in /var/www/wp/wp-content/themes/rise/404.php on line 2
[04-Feb-2018 23:53:23 America/New_York] PHP Fatal error:  Call to undefined function thrive_get_theme_options() in /var/www/wp/wp-content/themes/rise/404.php on line 2
[04-Feb-2018 23:53:23 America/New_York] PHP Fatal error:  Call to undefined function thrive_get_theme_options() in /var/www/wp/wp-content/themes/rise/404.php on line 2
[10-Feb-2018 18:18:13 America/New_York] PHP Fatal error:  Call to undefined function get_the_id() in /var/www/wp/wp-content/themes/rise/page.php on line 2
[10-Feb-2018 18:18:14 America/New_York] PHP Fatal error:  Call to undefined function get_the_id() in /var/www/wp/wp-content/themes/rise/page.php on line 2
[07-Mar-2018 06:14:36 America/New_York] PHP Fatal error:  Call to undefined function thrive_get_theme_options() in /var/www/wp/wp-content/themes/rise/archive.php on line 2
[08-Mar-2018 04:56:22 America/New_York] PHP Fatal error:  Call to undefined function thrive_get_theme_options() in /var/www/wp/wp-content/themes/rise/404.php on line 2
[15-Mar-2018 08:19:52 America/New_York] PHP Fatal error:  Call to undefined function get_the_id() in /var/www/wp/wp-content/themes/rise/header.php on line 2
[15-Mar-2018 08:43:30 America/New_York] PHP Fatal error:  Call to undefined function thrive_get_theme_options() in /var/www/wp/wp-content/themes/rise/archive.php on line 2
[16-Mar-2018 02:56:40 America/New_York] PHP Fatal error:  Call to undefined function thrive_get_theme_options() in /var/www/wp/wp-content/themes/rise/404.php on line 2
[19-Mar-2018 03:56:38 America/New_York] PHP Fatal error:  Call to undefined function get_the_id() in /var/www/wp/wp-content/themes/rise/header.php on line 2
[19-Mar-2018 16:32:13 America/New_York] PHP Fatal error:  Call to undefined function thrive_get_theme_options() in /var/www/wp/wp-content/themes/rise/archive.php on line 2
[19-Mar-2018 23:37:01 America/New_York] PHP Fatal error:  Call to undefined function get_the_id() in /var/www/wp/wp-content/themes/rise/header.php on line 2
[27-Mar-2018 22:29:31 America/New_York] PHP Fatal error:  Call to undefined function get_the_id() in /var/www/wp/wp-content/themes/rise/header.php on line 2
[28-Mar-2018 22:22:44 America/New_York] PHP Fatal error:  Call to undefined function get_the_id() in /var/www/wp/wp-content/themes/rise/header.php on line 2
[29-Mar-2018 02:30:01 America/New_York] PHP Fatal error:  Call to undefined function thrive_get_theme_options() in /var/www/wp/wp-content/themes/rise/index.php on line 2
[29-Mar-2018 04:32:08 America/New_York] PHP Fatal error:  Call to undefined function thrive_get_theme_options() in /var/www/wp/wp-content/themes/rise/index.php on line 2
[30-Mar-2018 19:09:06 America/New_York] PHP Fatal error:  Call to undefined function thrive_get_theme_options() in /var/www/wp/wp-content/themes/rise/index.php on line 2
[06-May-2018 15:42:56 America/New_York] PHP Fatal error:  Call to undefined function thrive_get_theme_options() in /var/www/wp/wp-content/themes/rise/404.php on line 2
[06-May-2018 15:42:56 America/New_York] PHP Fatal error:  Call to undefined function thrive_get_theme_options() in /var/www/wp/wp-content/themes/rise/404.php on line 2
[07-May-2018 08:42:57 America/New_York] PHP Fatal error:  Call to undefined function thrive_get_theme_options() in /var/www/wp/wp-content/themes/rise/404.php on line 2
[26-May-2018 22:24:28 America/New_York] PHP Fatal error:  Call to undefined function thrive_get_theme_options() in /var/www/wp/wp-content/themes/rise/index.php on line 2
[28-May-2018 08:10:26 America/New_York] PHP Fatal error:  Call to undefined function thrive_get_theme_options() in /var/www/wp/wp-content/themes/rise/index.php on line 2
[12-Jul-2018 19:09:57 America/New_York] PHP Fatal error:  Call to undefined function thrive_get_theme_options() in /var/www/wp/wp-content/themes/rise/index.php on line 2
[12-Jul-2018 19:09:57 America/New_York] PHP Fatal error:  Call to undefined function get_the_id() in /var/www/wp/wp-content/themes/rise/header.php on line 2
[18-Jul-2018 01:09:09 America/New_York] PHP Fatal error:  Call to undefined function thrive_get_theme_options() in /var/www/wp/wp-content/themes/rise/archive.php on line 2
[18-Jul-2018 01:09:09 America/New_York] PHP Fatal error:  Call to undefined function thrive_get_theme_options() in /var/www/wp/wp-content/themes/rise/index.php on line 2
[21-Jul-2018 22:53:02 America/New_York] PHP Fatal error:  Call to undefined function thrive_get_theme_options() in /var/www/wp/wp-content/themes/rise/archive.php on line 2
[21-Jul-2018 22:53:02 America/New_York] PHP Fatal error:  Call to undefined function thrive_get_theme_options() in /var/www/wp/wp-content/themes/rise/404.php on line 2
[21-Jul-2018 22:53:02 America/New_York] PHP Fatal error:  Call to undefined function get_the_id() in /var/www/wp/wp-content/themes/rise/header.php on line 2
[21-Jul-2018 22:53:02 America/New_York] PHP Fatal error:  Call to undefined function thrive_get_theme_options() in /var/www/wp/wp-content/themes/rise/index.php on line 2
[29-Jul-2018 05:15:23 America/New_York] PHP Fatal error:  Call to undefined function thrive_get_theme_options() in /var/www/wp/wp-content/themes/rise/index.php on line 2
[29-Jul-2018 05:15:23 America/New_York] PHP Fatal error:  Call to undefined function get_the_id() in /var/www/wp/wp-content/themes/rise/header.php on line 2
[29-Jul-2018 05:15:23 America/New_York] PHP Fatal error:  Call to undefined function thrive_get_theme_options() in /var/www/wp/wp-content/themes/rise/archive.php on line 2
[29-Jul-2018 05:15:23 America/New_York] PHP Fatal error:  Call to undefined function thrive_get_theme_options() in /var/www/wp/wp-content/themes/rise/404.php on line 2
[31-Jul-2018 14:29:52 America/New_York] PHP Fatal error:  Call to undefined function get_the_id() in /var/www/wp/wp-content/themes/rise/header.php on line 2
[31-Jul-2018 14:29:52 America/New_York] PHP Fatal error:  Call to undefined function thrive_get_theme_options() in /var/www/wp/wp-content/themes/rise/index.php on line 2
[31-Jul-2018 14:29:52 America/New_York] PHP Fatal error:  Call to undefined function thrive_get_theme_options() in /var/www/wp/wp-content/themes/rise/archive.php on line 2
[31-Jul-2018 14:29:52 America/New_York] PHP Fatal error:  Call to undefined function thrive_get_theme_options() in /var/www/wp/wp-content/themes/rise/404.php on line 2
[16-Aug-2018 11:38:23 America/New_York] PHP Fatal error:  Call to undefined function thrive_get_theme_options() in /var/www/wp/wp-content/themes/rise/404.php on line 2
[23-Aug-2018 07:34:56 America/New_York] PHP Fatal error:  Call to undefined function thrive_get_theme_options() in /var/www/wp/wp-content/themes/rise/archive.php on line 2
[23-Aug-2018 07:34:57 America/New_York] PHP Fatal error:  Call to undefined function thrive_get_theme_options() in /var/www/wp/wp-content/themes/rise/404.php on line 2
[23-Aug-2018 07:34:57 America/New_York] PHP Fatal error:  Call to undefined function thrive_get_theme_options() in /var/www/wp/wp-content/themes/rise/index.php on line 2
[23-Aug-2018 07:34:57 America/New_York] PHP Fatal error:  Call to undefined function get_the_id() in /var/www/wp/wp-content/themes/rise/header.php on line 2
[17-Dec-2018 19:38:35 America/New_York] PHP Fatal error:  Call to undefined function thrive_get_theme_options() in /var/www/wp/wp-content/themes/rise/index.php on line 2
[17-Dec-2018 19:38:35 America/New_York] PHP Fatal error:  Call to undefined function thrive_get_theme_options() in /var/www/wp/wp-content/themes/rise/404.php on line 2
[17-Dec-2018 19:38:35 America/New_York] PHP Fatal error:  Call to undefined function get_the_id() in /var/www/wp/wp-content/themes/rise/header.php on line 2
[17-Dec-2018 19:38:35 America/New_York] PHP Fatal error:  Call to undefined function thrive_get_theme_options() in /var/www/wp/wp-content/themes/rise/index.php on line 2
[17-Dec-2018 19:38:35 America/New_York] PHP Fatal error:  Call to undefined function thrive_get_theme_options() in /var/www/wp/wp-content/themes/rise/archive.php on line 2
[18-Dec-2018 00:42:40 America/New_York] PHP Fatal error:  Call to undefined function thrive_get_theme_options() in /var/www/wp/wp-content/themes/rise/archive.php on line 2
[18-Dec-2018 00:42:40 America/New_York] PHP Fatal error:  Call to undefined function thrive_get_theme_options() in /var/www/wp/wp-content/themes/rise/404.php on line 2
[18-Dec-2018 00:42:40 America/New_York] PHP Fatal error:  Call to undefined function thrive_get_theme_options() in /var/www/wp/wp-content/themes/rise/index.php on line 2
[18-Dec-2018 00:42:40 America/New_York] PHP Fatal error:  Call to undefined function get_the_id() in /var/www/wp/wp-content/themes/rise/header.php on line 2
[21-Dec-2018 18:28:38 America/New_York] PHP Fatal error:  Call to undefined function thrive_get_theme_options() in /var/www/wp/wp-content/themes/rise/index.php on line 2
[21-Dec-2018 18:28:38 America/New_York] PHP Fatal error:  Call to undefined function thrive_get_theme_options() in /var/www/wp/wp-content/themes/rise/archive.php on line 2
[21-Dec-2018 18:28:38 America/New_York] PHP Fatal error:  Call to undefined function thrive_get_theme_options() in /var/www/wp/wp-content/themes/rise/404.php on line 2
[21-Dec-2018 18:28:38 America/New_York] PHP Fatal error:  Call to undefined function get_the_id() in /var/www/wp/wp-content/themes/rise/header.php on line 2
[21-Dec-2018 18:28:38 America/New_York] PHP Fatal error:  Call to undefined function thrive_get_theme_options() in /var/www/wp/wp-content/themes/rise/index.php on line 2
[23-Dec-2018 00:44:45 America/New_York] PHP Fatal error:  Call to undefined function thrive_get_theme_options() in /var/www/wp/wp-content/themes/rise/index.php on line 2
[23-Dec-2018 00:44:45 America/New_York] PHP Fatal error:  Call to undefined function thrive_get_theme_options() in /var/www/wp/wp-content/themes/rise/404.php on line 2
[23-Dec-2018 00:44:45 America/New_York] PHP Fatal error:  Call to undefined function thrive_get_theme_options() in /var/www/wp/wp-content/themes/rise/index.php on line 2
[28-Dec-2018 07:37:07 America/New_York] PHP Fatal error:  Call to undefined function thrive_get_theme_options() in /var/www/wp/wp-content/themes/rise/archive.php on line 2
[28-Dec-2018 07:37:07 America/New_York] PHP Fatal error:  Call to undefined function thrive_get_theme_options() in /var/www/wp/wp-content/themes/rise/404.php on line 2
[28-Dec-2018 07:37:07 America/New_York] PHP Fatal error:  Call to undefined function get_the_id() in /var/www/wp/wp-content/themes/rise/header.php on line 2
[28-Dec-2018 07:37:07 America/New_York] PHP Fatal error:  Call to undefined function thrive_get_theme_options() in /var/www/wp/wp-content/themes/rise/index.php on line 2
[28-Dec-2018 07:37:07 America/New_York] PHP Fatal error:  Call to undefined function thrive_get_theme_options() in /var/www/wp/wp-content/themes/rise/index.php on line 2
[06-Jan-2019 22:59:09 America/New_York] PHP Fatal error:  Call to undefined function thrive_get_theme_options() in /var/www/wp/wp-content/themes/rise/archive.php on line 2
[06-Jan-2019 22:59:09 America/New_York] PHP Fatal error:  Call to undefined function thrive_get_theme_options() in /var/www/wp/wp-content/themes/rise/404.php on line 2
[06-Jan-2019 22:59:09 America/New_York] PHP Fatal error:  Call to undefined function thrive_get_theme_options() in /var/www/wp/wp-content/themes/rise/index.php on line 2
[06-Jan-2019 22:59:09 America/New_York] PHP Fatal error:  Call to undefined function get_the_id() in /var/www/wp/wp-content/themes/rise/header.php on line 2
[09-Jan-2019 21:05:56 America/New_York] PHP Fatal error:  Call to undefined function thrive_get_theme_options() in /var/www/wp/wp-content/themes/rise/404.php on line 2
[09-Jan-2019 21:05:56 America/New_York] PHP Fatal error:  Call to undefined function thrive_get_theme_options() in /var/www/wp/wp-content/themes/rise/index.php on line 2
[09-Jan-2019 21:05:56 America/New_York] PHP Fatal error:  Call to undefined function thrive_get_theme_options() in /var/www/wp/wp-content/themes/rise/archive.php on line 2
[25-Jan-2019 10:31:09 America/New_York] PHP Fatal error:  Call to undefined function thrive_get_theme_options() in /var/www/wp/wp-content/themes/rise/archive.php on line 2
[25-Jan-2019 10:31:09 America/New_York] PHP Fatal error:  Call to undefined function thrive_get_theme_options() in /var/www/wp/wp-content/themes/rise/404.php on line 2
[25-Jan-2019 10:31:09 America/New_York] PHP Fatal error:  Call to undefined function thrive_get_theme_options() in /var/www/wp/wp-content/themes/rise/index.php on line 2
[31-Jan-2019 21:52:01 America/New_York] PHP Fatal error:  Call to undefined function thrive_get_theme_options() in /var/www/wp/wp-content/themes/rise/index.php on line 2
[31-Jan-2019 21:52:01 America/New_York] PHP Fatal error:  Call to undefined function thrive_get_theme_options() in /var/www/wp/wp-content/themes/rise/404.php on line 2
[31-Jan-2019 21:52:01 America/New_York] PHP Fatal error:  Call to undefined function thrive_get_theme_options() in /var/www/wp/wp-content/themes/rise/index.php on line 2
[05-Feb-2019 01:37:09 America/New_York] PHP Fatal error:  Call to undefined function thrive_get_theme_options() in /var/www/wp/wp-content/themes/rise/404.php on line 2
[05-Feb-2019 01:37:09 America/New_York] PHP Fatal error:  Call to undefined function thrive_get_theme_options() in /var/www/wp/wp-content/themes/rise/index.php on line 2
[05-Feb-2019 01:37:09 America/New_York] PHP Fatal error:  Call to undefined function get_the_id() in /var/www/wp/wp-content/themes/rise/header.php on line 2
[05-Feb-2019 01:37:09 America/New_York] PHP Fatal error:  Call to undefined function thrive_get_theme_options() in /var/www/wp/wp-content/themes/rise/archive.php on line 2
[05-Feb-2019 01:37:09 America/New_York] PHP Fatal error:  Call to undefined function thrive_get_theme_options() in /var/www/wp/wp-content/themes/rise/index.php on line 2
[07-Feb-2019 15:48:56 America/New_York] PHP Fatal error:  Call to undefined function thrive_get_theme_options() in /var/www/wp/wp-content/themes/rise/index.php on line 2
[07-Feb-2019 15:48:56 America/New_York] PHP Fatal error:  Call to undefined function get_the_id() in /var/www/wp/wp-content/themes/rise/header.php on line 2
[07-Feb-2019 15:48:56 America/New_York] PHP Fatal error:  Call to undefined function thrive_get_theme_options() in /var/www/wp/wp-content/themes/rise/404.php on line 2
[07-Feb-2019 15:48:56 America/New_York] PHP Fatal error:  Call to undefined function thrive_get_theme_options() in /var/www/wp/wp-content/themes/rise/archive.php on line 2
[07-Feb-2019 15:48:56 America/New_York] PHP Fatal error:  Call to undefined function thrive_get_theme_options() in /var/www/wp/wp-content/themes/rise/index.php on line 2
[10-Feb-2019 16:33:54 America/New_York] PHP Fatal error:  Call to undefined function thrive_get_theme_options() in /var/www/wp/wp-content/themes/rise/index.php on line 2
[10-Feb-2019 16:33:54 America/New_York] PHP Fatal error:  Call to undefined function thrive_get_theme_options() in /var/www/wp/wp-content/themes/rise/index.php on line 2
[10-Feb-2019 16:33:54 America/New_York] PHP Fatal error:  Call to undefined function get_the_id() in /var/www/wp/wp-content/themes/rise/header.php on line 2
[10-Feb-2019 16:33:54 America/New_York] PHP Fatal error:  Call to undefined function thrive_get_theme_options() in /var/www/wp/wp-content/themes/rise/404.php on line 2
[10-Feb-2019 16:33:54 America/New_York] PHP Fatal error:  Call to undefined function thrive_get_theme_options() in /var/www/wp/wp-content/themes/rise/archive.php on line 2
