[27-Nov-2017 03:11:47 America/New_York] PHP Fatal error:  Class 'Walker' not found in /var/www/wp/wp-includes/class-walker-nav-menu.php on line 17
[27-Nov-2017 03:43:11 America/New_York] PHP Fatal error:  Class 'Walker' not found in /var/www/wp/wp-includes/class-walker-nav-menu.php on line 17
[27-Nov-2017 08:39:44 America/New_York] PHP Fatal error:  Class 'Walker' not found in /var/www/wp/wp-includes/class-walker-nav-menu.php on line 17
[27-Nov-2017 12:11:57 America/New_York] PHP Fatal error:  Class 'Walker' not found in /var/www/wp/wp-includes/class-walker-nav-menu.php on line 17
[27-Nov-2017 14:21:28 America/New_York] PHP Fatal error:  Class 'Walker' not found in /var/www/wp/wp-includes/class-walker-nav-menu.php on line 17
[27-Nov-2017 14:23:51 America/New_York] PHP Fatal error:  Class 'Walker' not found in /var/www/wp/wp-includes/class-walker-nav-menu.php on line 17
[27-Nov-2017 16:21:18 America/New_York] PHP Fatal error:  Class 'Walker' not found in /var/www/wp/wp-includes/class-walker-nav-menu.php on line 17
[19-Jan-2018 16:12:46 America/New_York] PHP Fatal error:  Call to undefined function _deprecated_file() in /var/www/wp/wp-includes/locale.php on line 10
[19-Jan-2018 18:15:15 America/New_York] PHP Fatal error:  Call to undefined function _deprecated_file() in /var/www/wp/wp-includes/locale.php on line 10
[19-Jan-2018 19:08:22 America/New_York] PHP Fatal error:  Call to undefined function _deprecated_file() in /var/www/wp/wp-includes/locale.php on line 10
[19-Jan-2018 19:13:06 America/New_York] PHP Fatal error:  Call to undefined function _deprecated_file() in /var/www/wp/wp-includes/locale.php on line 10
[19-Jan-2018 19:50:31 America/New_York] PHP Fatal error:  Call to undefined function _deprecated_file() in /var/www/wp/wp-includes/locale.php on line 10
[19-Jan-2018 19:54:33 America/New_York] PHP Fatal error:  Call to undefined function _deprecated_file() in /var/www/wp/wp-includes/locale.php on line 10
[19-Jan-2018 19:59:34 America/New_York] PHP Fatal error:  Call to undefined function _deprecated_file() in /var/www/wp/wp-includes/locale.php on line 10
[14-Mar-2018 16:16:12 America/New_York] PHP Fatal error:  Class 'Walker' not found in /var/www/wp/wp-includes/class-walker-nav-menu.php on line 17
[14-Mar-2018 17:03:21 America/New_York] PHP Fatal error:  Class 'Walker' not found in /var/www/wp/wp-includes/class-walker-nav-menu.php on line 17
[14-Mar-2018 17:09:26 America/New_York] PHP Fatal error:  Class 'Walker' not found in /var/www/wp/wp-includes/class-walker-nav-menu.php on line 17
[14-Mar-2018 17:37:08 America/New_York] PHP Fatal error:  Class 'Walker' not found in /var/www/wp/wp-includes/class-walker-nav-menu.php on line 17
[23-Mar-2018 01:40:12 America/New_York] PHP Fatal error:  Call to undefined function _deprecated_file() in /var/www/wp/wp-includes/locale.php on line 10
[23-Mar-2018 02:20:56 America/New_York] PHP Fatal error:  Call to undefined function _deprecated_file() in /var/www/wp/wp-includes/locale.php on line 10
[23-Mar-2018 02:25:11 America/New_York] PHP Fatal error:  Call to undefined function _deprecated_file() in /var/www/wp/wp-includes/locale.php on line 10
[23-Mar-2018 02:45:07 America/New_York] PHP Fatal error:  Call to undefined function _deprecated_file() in /var/www/wp/wp-includes/locale.php on line 10
[16-Apr-2018 22:18:56 America/New_York] PHP Fatal error:  Call to undefined function _deprecated_file() in /var/www/wp/wp-includes/locale.php on line 10
[01-May-2018 15:52:49 America/New_York] PHP Fatal error:  Call to undefined function _deprecated_file() in /var/www/wp/wp-includes/locale.php on line 10
[07-Jun-2018 19:57:17 America/New_York] PHP Fatal error:  Class 'Walker' not found in /var/www/wp/wp-includes/class-walker-nav-menu.php on line 17
[07-Jun-2018 20:19:57 America/New_York] PHP Fatal error:  Class 'Walker' not found in /var/www/wp/wp-includes/class-walker-nav-menu.php on line 17
[19-Nov-2018 10:03:37 America/New_York] PHP Fatal error:  Call to undefined function is_robots() in /var/www/wp/wp-includes/template-loader.php on line 28
[19-Nov-2018 22:52:14 America/New_York] PHP Fatal error:  Call to undefined function is_robots() in /var/www/wp/wp-includes/template-loader.php on line 28
[20-Nov-2018 00:53:19 America/New_York] PHP Fatal error:  Call to undefined function is_robots() in /var/www/wp/wp-includes/template-loader.php on line 28
[20-Nov-2018 01:02:28 America/New_York] PHP Fatal error:  Call to undefined function is_robots() in /var/www/wp/wp-includes/template-loader.php on line 28
[31-Jan-2019 13:52:28 America/New_York] PHP Fatal error:  Class 'Walker' not found in /var/www/wp/wp-includes/class-walker-nav-menu.php on line 17
[01-Feb-2019 02:23:23 America/New_York] PHP Fatal error:  Class 'Walker' not found in /var/www/wp/wp-includes/class-walker-nav-menu.php on line 17
[26-Feb-2019 18:52:04 America/New_York] PHP Fatal error:  Call to undefined function _deprecated_file() in /var/www/wp/wp-includes/locale.php on line 10
[27-Feb-2019 07:23:56 America/New_York] PHP Fatal error:  Call to undefined function _deprecated_file() in /var/www/wp/wp-includes/locale.php on line 10
